  [1m[35m (465.5ms)[0m  [1m[35mCREATE DATABASE "MusicApp_development" ENCODING = 'unicode'[0m
  ↳ bin/rails:9
  [1m[35m (422.9ms)[0m  [1m[35mCREATE DATABASE "MusicApp_test" ENCODING = 'unicode'[0m
  ↳ bin/rails:9
  [1m[35m (71.0ms)[0m  [1m[35mCREATE TABLE "schema_migrations" ("version" character varying NOT NULL PRIMARY KEY)[0m
  ↳ bin/rails:9
  [1m[35m (7.7ms)[0m  [1m[35mCREATE TABLE "ar_internal_metadata" ("key" character varying NOT NULL PRIMARY KEY, "value" character varying, "created_at" timestamp NOT NULL, "updated_at" timestamp NOT NULL)[0m
  ↳ bin/rails:9
  [1m[35m (1.5ms)[0m  [1m[34mSELECT pg_try_advisory_lock(1555902080779534005)[0m
  ↳ bin/rails:9
  [1m[35m (1.4ms)[0m  [1m[34mSELECT "schema_migrations"."version" FROM "schema_migrations" ORDER BY "schema_migrations"."version" ASC[0m
  ↳ bin/rails:9
Migrating to CreateUsers (20190131222925)
  [1m[35m (1.1ms)[0m  [1m[35mBEGIN[0m
  ↳ bin/rails:9
  [1m[35m (15.8ms)[0m  [1m[35mCREATE TABLE "users" ("id" bigserial primary key, "email" character varying NOT NULL, "session_token" character varying NOT NULL, "password_digest" character varying NOT NULL, "created_at" timestamp NOT NULL, "updated_at" timestamp NOT NULL)[0m
  ↳ db/migrate/20190131222925_create_users.rb:3
  [1m[35m (3.4ms)[0m  [1m[35mCREATE UNIQUE INDEX  "index_users_on_email" ON "users"  ("email")[0m
  ↳ db/migrate/20190131222925_create_users.rb:9
  [1m[35m (1.3ms)[0m  [1m[35mCREATE UNIQUE INDEX  "index_users_on_session_token" ON "users"  ("session_token")[0m
  ↳ db/migrate/20190131222925_create_users.rb:10
  [1m[36mActiveRecord::SchemaMigration Create (6.7ms)[0m  [1m[32mINSERT INTO "schema_migrations" ("version") VALUES ($1) RETURNING "version"[0m  [["version", "20190131222925"]]
  ↳ bin/rails:9
  [1m[35m (1.0ms)[0m  [1m[35mCOMMIT[0m
  ↳ bin/rails:9
  [1m[36mActiveRecord::InternalMetadata Load (1.5ms)[0m  [1m[34mSELECT  "ar_internal_metadata".* FROM "ar_internal_metadata" WHERE "ar_internal_metadata"."key" = $1 LIMIT $2[0m  [["key", "environment"], ["LIMIT", 1]]
  ↳ bin/rails:9
  [1m[35m (0.2ms)[0m  [1m[35mBEGIN[0m
  ↳ bin/rails:9
  [1m[36mActiveRecord::InternalMetadata Create (1.3ms)[0m  [1m[32mINSERT INTO "ar_internal_metadata" ("key", "value", "created_at", "updated_at") VALUES ($1, $2, $3, $4) RETURNING "key"[0m  [["key", "environment"], ["value", "development"], ["created_at", "2019-01-31 22:37:05.434247"], ["updated_at", "2019-01-31 22:37:05.434247"]]
  ↳ bin/rails:9
  [1m[35m (0.6ms)[0m  [1m[35mCOMMIT[0m
  ↳ bin/rails:9
  [1m[35m (0.4ms)[0m  [1m[34mSELECT pg_advisory_unlock(1555902080779534005)[0m
  ↳ bin/rails:9
  [1m[35m (0.4ms)[0m  [1m[34mSELECT "schema_migrations"."version" FROM "schema_migrations" ORDER BY "schema_migrations"."version" ASC[0m
  ↳ bin/rails:9
  [1m[35m (1.2ms)[0m  [1m[34mSELECT "schema_migrations"."version" FROM "schema_migrations" ORDER BY "schema_migrations"."version" ASC[0m
  ↳ bin/rails:9
  [1m[35m (1.0ms)[0m  [1m[34mSELECT "schema_migrations"."version" FROM "schema_migrations" ORDER BY "schema_migrations"."version" ASC[0m
  ↳ /Users/drewengelstein/.rbenv/versions/2.5.1/bin/annotate:23
Started GET "/musicapp/new" for 127.0.0.1 at 2019-01-31 16:07:01 -0800
  [1m[35m (1.2ms)[0m  [1m[34mSELECT "schema_migrations"."version" FROM "schema_migrations" ORDER BY "schema_migrations"."version" ASC[0m
  ↳ /Users/drewengelstein/.rbenv/versions/2.5.1/lib/ruby/gems/2.5.0/gems/activerecord-5.2.2/lib/active_record/log_subscriber.rb:98
  
ActionController::RoutingError (No route matches [GET] "/musicapp/new"):
  
actionpack (5.2.2) lib/action_dispatch/middleware/debug_exceptions.rb:65:in `call'
web-console (3.7.0) lib/web_console/middleware.rb:135:in `call_app'
web-console (3.7.0) lib/web_console/middleware.rb:30:in `block in call'
web-console (3.7.0) lib/web_console/middleware.rb:20:in `catch'
web-console (3.7.0) lib/web_console/middleware.rb:20:in `call'
actionpack (5.2.2) lib/action_dispatch/middleware/show_exceptions.rb:33:in `call'
railties (5.2.2) lib/rails/rack/logger.rb:38:in `call_app'
railties (5.2.2) lib/rails/rack/logger.rb:26:in `block in call'
activesupport (5.2.2) lib/active_support/tagged_logging.rb:71:in `block in tagged'
activesupport (5.2.2) lib/active_support/tagged_logging.rb:28:in `tagged'
activesupport (5.2.2) lib/active_support/tagged_logging.rb:71:in `tagged'
railties (5.2.2) lib/rails/rack/logger.rb:26:in `call'
sprockets-rails (3.2.1) lib/sprockets/rails/quiet_assets.rb:13:in `call'
actionpack (5.2.2) lib/action_dispatch/middleware/remote_ip.rb:81:in `call'
actionpack (5.2.2) lib/action_dispatch/middleware/request_id.rb:27:in `call'
rack (2.0.6) lib/rack/method_override.rb:22:in `call'
rack (2.0.6) lib/rack/runtime.rb:22:in `call'
activesupport (5.2.2) lib/active_support/cache/strategy/local_cache_middleware.rb:29:in `call'
actionpack (5.2.2) lib/action_dispatch/middleware/executor.rb:14:in `call'
actionpack (5.2.2) lib/action_dispatch/middleware/static.rb:127:in `call'
rack (2.0.6) lib/rack/sendfile.rb:111:in `call'
railties (5.2.2) lib/rails/engine.rb:524:in `call'
puma (3.12.0) lib/puma/configuration.rb:225:in `call'
puma (3.12.0) lib/puma/server.rb:658:in `handle_request'
puma (3.12.0) lib/puma/server.rb:472:in `process_client'
puma (3.12.0) lib/puma/server.rb:332:in `block in run'
puma (3.12.0) lib/puma/thread_pool.rb:133:in `block in spawn_thread'
Started GET "/users" for 127.0.0.1 at 2019-01-31 16:09:12 -0800
  
ActionController::RoutingError (No route matches [GET] "/users"):
  
actionpack (5.2.2) lib/action_dispatch/middleware/debug_exceptions.rb:65:in `call'
web-console (3.7.0) lib/web_console/middleware.rb:135:in `call_app'
web-console (3.7.0) lib/web_console/middleware.rb:30:in `block in call'
web-console (3.7.0) lib/web_console/middleware.rb:20:in `catch'
web-console (3.7.0) lib/web_console/middleware.rb:20:in `call'
actionpack (5.2.2) lib/action_dispatch/middleware/show_exceptions.rb:33:in `call'
railties (5.2.2) lib/rails/rack/logger.rb:38:in `call_app'
railties (5.2.2) lib/rails/rack/logger.rb:26:in `block in call'
activesupport (5.2.2) lib/active_support/tagged_logging.rb:71:in `block in tagged'
activesupport (5.2.2) lib/active_support/tagged_logging.rb:28:in `tagged'
activesupport (5.2.2) lib/active_support/tagged_logging.rb:71:in `tagged'
railties (5.2.2) lib/rails/rack/logger.rb:26:in `call'
sprockets-rails (3.2.1) lib/sprockets/rails/quiet_assets.rb:13:in `call'
actionpack (5.2.2) lib/action_dispatch/middleware/remote_ip.rb:81:in `call'
actionpack (5.2.2) lib/action_dispatch/middleware/request_id.rb:27:in `call'
rack (2.0.6) lib/rack/method_override.rb:22:in `call'
rack (2.0.6) lib/rack/runtime.rb:22:in `call'
activesupport (5.2.2) lib/active_support/cache/strategy/local_cache_middleware.rb:29:in `call'
actionpack (5.2.2) lib/action_dispatch/middleware/executor.rb:14:in `call'
actionpack (5.2.2) lib/action_dispatch/middleware/static.rb:127:in `call'
rack (2.0.6) lib/rack/sendfile.rb:111:in `call'
railties (5.2.2) lib/rails/engine.rb:524:in `call'
puma (3.12.0) lib/puma/configuration.rb:225:in `call'
puma (3.12.0) lib/puma/server.rb:658:in `handle_request'
puma (3.12.0) lib/puma/server.rb:472:in `process_client'
puma (3.12.0) lib/puma/server.rb:332:in `block in run'
puma (3.12.0) lib/puma/thread_pool.rb:133:in `block in spawn_thread'
Started GET "/users/new" for 127.0.0.1 at 2019-01-31 16:09:17 -0800
Processing by UsersController#new as HTML
  Rendering users/new.html.erb within layouts/application
  Rendered users/new.html.erb within layouts/application (0.4ms)
Completed 200 OK in 528ms (Views: 503.2ms | ActiveRecord: 9.5ms)


Started GET "/users/new" for 127.0.0.1 at 2019-01-31 16:34:01 -0800
  [1m[35m (1.6ms)[0m  [1m[34mSELECT "schema_migrations"."version" FROM "schema_migrations" ORDER BY "schema_migrations"."version" ASC[0m
  ↳ /Users/drewengelstein/.rbenv/versions/2.5.1/lib/ruby/gems/2.5.0/gems/activerecord-5.2.2/lib/active_record/log_subscriber.rb:98
Processing by UsersController#new as HTML
  Rendering users/new.html.erb within layouts/application
  Rendered users/new.html.erb within layouts/application (9.8ms)
Completed 500 Internal Server Error in 60ms (ActiveRecord: 9.0ms)



ActionController::UrlGenerationError - No route matches {:action=>"show", :controller=>"users", :id=>nil}, missing required keys: [:id]:
  app/views/users/new.html.erb:1:in `_app_views_users_new_html_erb__3027288099677064054_70259753600180'
  app/controllers/users_controller.rb:4:in `new'

Started POST "/__better_errors/a4d9073ed44276db/variables" for 127.0.0.1 at 2019-01-31 16:34:02 -0800
Started GET "/users/new" for 127.0.0.1 at 2019-01-31 16:35:03 -0800
Processing by UsersController#new as HTML
  Rendering users/new.html.erb within layouts/application
  Rendered users/new.html.erb within layouts/application (1.1ms)
Completed 200 OK in 403ms (Views: 400.4ms | ActiveRecord: 0.0ms)


Started GET "/users/new" for 127.0.0.1 at 2019-01-31 16:35:20 -0800
Processing by UsersController#new as HTML
  Rendering users/new.html.erb within layouts/application
  Rendered users/new.html.erb within layouts/application (1.0ms)
Completed 200 OK in 54ms (Views: 52.7ms | ActiveRecord: 0.0ms)


Started GET "/users/new" for 127.0.0.1 at 2019-01-31 16:35:33 -0800
Processing by UsersController#new as HTML
  Rendering users/new.html.erb within layouts/application
  Rendered users/new.html.erb within layouts/application (1.1ms)
Completed 200 OK in 64ms (Views: 62.6ms | ActiveRecord: 0.0ms)


Started GET "/users/new" for 127.0.0.1 at 2019-01-31 16:36:34 -0800
Processing by UsersController#new as HTML
  Rendering users/new.html.erb within layouts/application
  Rendered users/new.html.erb within layouts/application (0.7ms)
Completed 200 OK in 47ms (Views: 43.9ms | ActiveRecord: 0.0ms)


Started GET "/users/new" for 127.0.0.1 at 2019-01-31 16:37:30 -0800
Processing by UsersController#new as HTML
  Rendering users/new.html.erb within layouts/application
  Rendered users/new.html.erb within layouts/application (1.0ms)
Completed 200 OK in 56ms (Views: 55.1ms | ActiveRecord: 0.0ms)


Started GET "/users/new" for 127.0.0.1 at 2019-01-31 16:37:33 -0800
Processing by UsersController#new as HTML
  Rendering users/new.html.erb within layouts/application
  Rendered users/new.html.erb within layouts/application (1.2ms)
Completed 200 OK in 43ms (Views: 41.7ms | ActiveRecord: 0.0ms)


Started GET "/users/new" for 127.0.0.1 at 2019-01-31 16:37:57 -0800
Processing by UsersController#new as HTML
  Rendering users/new.html.erb within layouts/application
  Rendered users/new.html.erb within layouts/application (0.9ms)
Completed 200 OK in 41ms (Views: 40.2ms | ActiveRecord: 0.0ms)


Started GET "/users/new" for 127.0.0.1 at 2019-01-31 16:38:06 -0800
Processing by UsersController#new as HTML
  Rendering users/new.html.erb within layouts/application
  Rendered users/new.html.erb within layouts/application (0.9ms)
Completed 200 OK in 51ms (Views: 50.1ms | ActiveRecord: 0.0ms)


Started GET "/users/new" for 127.0.0.1 at 2019-01-31 16:43:30 -0800
Processing by UsersController#new as HTML
  Rendering users/new.html.erb within layouts/application
  Rendered users/new.html.erb within layouts/application (1.0ms)
Completed 200 OK in 48ms (Views: 47.3ms | ActiveRecord: 0.0ms)


Started GET "/users/new" for 127.0.0.1 at 2019-01-31 16:43:51 -0800
Processing by UsersController#new as HTML
  Rendering users/new.html.erb within layouts/application
  Rendered users/new.html.erb within layouts/application (1.3ms)
Completed 200 OK in 81ms (Views: 79.6ms | ActiveRecord: 0.0ms)


Started GET "/users/new" for 127.0.0.1 at 2019-01-31 16:44:12 -0800
Processing by UsersController#new as HTML
  Rendering users/new.html.erb within layouts/application
  Rendered users/new.html.erb within layouts/application (0.9ms)
Completed 200 OK in 51ms (Views: 49.9ms | ActiveRecord: 0.0ms)


Started POST "/users/new" for 127.0.0.1 at 2019-01-31 16:44:19 -0800
  
ActionController::RoutingError (No route matches [POST] "/users/new"):
  
actionpack (5.2.2) lib/action_dispatch/middleware/debug_exceptions.rb:65:in `call'
web-console (3.7.0) lib/web_console/middleware.rb:135:in `call_app'
web-console (3.7.0) lib/web_console/middleware.rb:30:in `block in call'
web-console (3.7.0) lib/web_console/middleware.rb:20:in `catch'
web-console (3.7.0) lib/web_console/middleware.rb:20:in `call'
actionpack (5.2.2) lib/action_dispatch/middleware/show_exceptions.rb:33:in `call'
railties (5.2.2) lib/rails/rack/logger.rb:38:in `call_app'
railties (5.2.2) lib/rails/rack/logger.rb:26:in `block in call'
activesupport (5.2.2) lib/active_support/tagged_logging.rb:71:in `block in tagged'
activesupport (5.2.2) lib/active_support/tagged_logging.rb:28:in `tagged'
activesupport (5.2.2) lib/active_support/tagged_logging.rb:71:in `tagged'
railties (5.2.2) lib/rails/rack/logger.rb:26:in `call'
sprockets-rails (3.2.1) lib/sprockets/rails/quiet_assets.rb:13:in `call'
actionpack (5.2.2) lib/action_dispatch/middleware/remote_ip.rb:81:in `call'
actionpack (5.2.2) lib/action_dispatch/middleware/request_id.rb:27:in `call'
rack (2.0.6) lib/rack/method_override.rb:22:in `call'
rack (2.0.6) lib/rack/runtime.rb:22:in `call'
activesupport (5.2.2) lib/active_support/cache/strategy/local_cache_middleware.rb:29:in `call'
actionpack (5.2.2) lib/action_dispatch/middleware/executor.rb:14:in `call'
actionpack (5.2.2) lib/action_dispatch/middleware/static.rb:127:in `call'
rack (2.0.6) lib/rack/sendfile.rb:111:in `call'
railties (5.2.2) lib/rails/engine.rb:524:in `call'
puma (3.12.0) lib/puma/configuration.rb:225:in `call'
puma (3.12.0) lib/puma/server.rb:658:in `handle_request'
puma (3.12.0) lib/puma/server.rb:472:in `process_client'
puma (3.12.0) lib/puma/server.rb:332:in `block in run'
puma (3.12.0) lib/puma/thread_pool.rb:133:in `block in spawn_thread'
Started POST "/users/new" for 127.0.0.1 at 2019-01-31 16:46:28 -0800
  
ActionController::RoutingError (No route matches [POST] "/users/new"):
  
actionpack (5.2.2) lib/action_dispatch/middleware/debug_exceptions.rb:65:in `call'
web-console (3.7.0) lib/web_console/middleware.rb:135:in `call_app'
web-console (3.7.0) lib/web_console/middleware.rb:30:in `block in call'
web-console (3.7.0) lib/web_console/middleware.rb:20:in `catch'
web-console (3.7.0) lib/web_console/middleware.rb:20:in `call'
actionpack (5.2.2) lib/action_dispatch/middleware/show_exceptions.rb:33:in `call'
railties (5.2.2) lib/rails/rack/logger.rb:38:in `call_app'
railties (5.2.2) lib/rails/rack/logger.rb:26:in `block in call'
activesupport (5.2.2) lib/active_support/tagged_logging.rb:71:in `block in tagged'
activesupport (5.2.2) lib/active_support/tagged_logging.rb:28:in `tagged'
activesupport (5.2.2) lib/active_support/tagged_logging.rb:71:in `tagged'
railties (5.2.2) lib/rails/rack/logger.rb:26:in `call'
sprockets-rails (3.2.1) lib/sprockets/rails/quiet_assets.rb:13:in `call'
actionpack (5.2.2) lib/action_dispatch/middleware/remote_ip.rb:81:in `call'
actionpack (5.2.2) lib/action_dispatch/middleware/request_id.rb:27:in `call'
rack (2.0.6) lib/rack/method_override.rb:22:in `call'
rack (2.0.6) lib/rack/runtime.rb:22:in `call'
activesupport (5.2.2) lib/active_support/cache/strategy/local_cache_middleware.rb:29:in `call'
actionpack (5.2.2) lib/action_dispatch/middleware/executor.rb:14:in `call'
actionpack (5.2.2) lib/action_dispatch/middleware/static.rb:127:in `call'
rack (2.0.6) lib/rack/sendfile.rb:111:in `call'
railties (5.2.2) lib/rails/engine.rb:524:in `call'
puma (3.12.0) lib/puma/configuration.rb:225:in `call'
puma (3.12.0) lib/puma/server.rb:658:in `handle_request'
puma (3.12.0) lib/puma/server.rb:472:in `process_client'
puma (3.12.0) lib/puma/server.rb:332:in `block in run'
puma (3.12.0) lib/puma/thread_pool.rb:133:in `block in spawn_thread'
Started GET "/users/new" for 127.0.0.1 at 2019-01-31 16:46:37 -0800
Processing by UsersController#new as HTML
  Rendering users/new.html.erb within layouts/application
  Rendered users/new.html.erb within layouts/application (0.9ms)
Completed 200 OK in 52ms (Views: 50.6ms | ActiveRecord: 0.0ms)


Started POST "/users" for 127.0.0.1 at 2019-01-31 16:46:42 -0800
Processing by UsersController#create as HTML
  Parameters: {"authenticity_token"=>"qaLiBid6SvU0Z7jQYHkJ84Otq4HkAV4AZt+rKBGUQumKZu4kAbF7YDHLVwuPX7JQzn3oJlTeUYQKCPaZFk+J1w==", "user"=>{"email"=>"me@me.com", "password"=>"[FILTERED]"}}
  [1m[35m (0.2ms)[0m  [1m[35mBEGIN[0m
  ↳ app/controllers/users_controller.rb:10
  [1m[36mUser Exists (4.4ms)[0m  [1m[34mSELECT  1 AS one FROM "users" WHERE "users"."email" = $1 LIMIT $2[0m  [["email", "me@me.com"], ["LIMIT", 1]]
  ↳ app/controllers/users_controller.rb:10
  [1m[36mUser Exists (0.6ms)[0m  [1m[34mSELECT  1 AS one FROM "users" WHERE "users"."session_token" = $1 LIMIT $2[0m  [["session_token", "LpkSiJutRf8ckM2X2S5PVA"], ["LIMIT", 1]]
  ↳ app/controllers/users_controller.rb:10
  [1m[35m (1.4ms)[0m  [1m[31mROLLBACK[0m
  ↳ app/controllers/users_controller.rb:10
  Rendering users/new.html.erb within layouts/application
  Rendered users/new.html.erb within layouts/application (1.6ms)
Completed 200 OK in 159ms (Views: 31.4ms | ActiveRecord: 6.5ms)


Started POST "/users" for 127.0.0.1 at 2019-01-31 16:46:45 -0800
Processing by UsersController#create as HTML
  Parameters: {"authenticity_token"=>"exu9KsEB0lPMu/g8UA4siVX2hzXhNnPzVIHPVKQZQI5Y37EI58rjxskXF+e/KJcqGCbEklHpfHc4VpLlo8KLsA==", "user"=>{"email"=>"me@me.com", "password"=>"[FILTERED]"}}
  [1m[35m (0.3ms)[0m  [1m[35mBEGIN[0m
  ↳ app/controllers/users_controller.rb:10
  [1m[36mUser Exists (0.5ms)[0m  [1m[34mSELECT  1 AS one FROM "users" WHERE "users"."email" = $1 LIMIT $2[0m  [["email", "me@me.com"], ["LIMIT", 1]]
  ↳ app/controllers/users_controller.rb:10
  [1m[36mUser Exists (0.4ms)[0m  [1m[34mSELECT  1 AS one FROM "users" WHERE "users"."session_token" = $1 LIMIT $2[0m  [["session_token", "EbDlL0ICVny-4BFqwkaabQ"], ["LIMIT", 1]]
  ↳ app/controllers/users_controller.rb:10
  [1m[35m (0.2ms)[0m  [1m[31mROLLBACK[0m
  ↳ app/controllers/users_controller.rb:10
  Rendering users/new.html.erb within layouts/application
  Rendered users/new.html.erb within layouts/application (0.6ms)
Completed 200 OK in 106ms (Views: 23.3ms | ActiveRecord: 1.3ms)


Started POST "/users" for 127.0.0.1 at 2019-01-31 16:46:46 -0800
Processing by UsersController#create as HTML
  Parameters: {"authenticity_token"=>"u/Ab6Xg+4M0mJJmMG1MIS6kP0RqJDsSJFDv7yk2rVp+YNBfLXvXRWCOIdlf0dbPo5N+SvTnRyw147KZ7SnCdoQ==", "user"=>{"email"=>"me@me.com", "password"=>"[FILTERED]"}}
  [1m[35m (0.3ms)[0m  [1m[35mBEGIN[0m
  ↳ app/controllers/users_controller.rb:10
  [1m[36mUser Exists (0.5ms)[0m  [1m[34mSELECT  1 AS one FROM "users" WHERE "users"."email" = $1 LIMIT $2[0m  [["email", "me@me.com"], ["LIMIT", 1]]
  ↳ app/controllers/users_controller.rb:10
  [1m[36mUser Exists (0.5ms)[0m  [1m[34mSELECT  1 AS one FROM "users" WHERE "users"."session_token" = $1 LIMIT $2[0m  [["session_token", "OUOS4HmGX54jiiQqW8JHVg"], ["LIMIT", 1]]
  ↳ app/controllers/users_controller.rb:10
  [1m[35m (0.2ms)[0m  [1m[31mROLLBACK[0m
  ↳ app/controllers/users_controller.rb:10
  Rendering users/new.html.erb within layouts/application
  Rendered users/new.html.erb within layouts/application (0.6ms)
Completed 200 OK in 103ms (Views: 24.5ms | ActiveRecord: 1.5ms)


Started POST "/users" for 127.0.0.1 at 2019-01-31 16:46:46 -0800
Processing by UsersController#create as HTML
  Parameters: {"authenticity_token"=>"7dl9L9y9ikVFxWF45tqjxUXil1m7aW7mWtnFd5G2LE/OHXEN+na70EBpjqMJ/BhmCDLU/gu2YWI2DpjGlm3ncQ==", "user"=>{"email"=>"me@me.com", "password"=>"[FILTERED]"}}
  [1m[35m (0.2ms)[0m  [1m[35mBEGIN[0m
  ↳ app/controllers/users_controller.rb:10
  [1m[36mUser Exists (0.6ms)[0m  [1m[34mSELECT  1 AS one FROM "users" WHERE "users"."email" = $1 LIMIT $2[0m  [["email", "me@me.com"], ["LIMIT", 1]]
  ↳ app/controllers/users_controller.rb:10
  [1m[36mUser Exists (0.8ms)[0m  [1m[34mSELECT  1 AS one FROM "users" WHERE "users"."session_token" = $1 LIMIT $2[0m  [["session_token", "h1lQioFJo5QSUp8tPwZ-9w"], ["LIMIT", 1]]
  ↳ app/controllers/users_controller.rb:10
  [1m[35m (0.2ms)[0m  [1m[31mROLLBACK[0m
  ↳ app/controllers/users_controller.rb:10
  Rendering users/new.html.erb within layouts/application
  Rendered users/new.html.erb within layouts/application (1.0ms)
Started POST "/users" for 127.0.0.1 at 2019-01-31 16:46:46 -0800
Processing by UsersController#create as HTML
  Parameters: {"authenticity_token"=>"7dl9L9y9ikVFxWF45tqjxUXil1m7aW7mWtnFd5G2LE/OHXEN+na70EBpjqMJ/BhmCDLU/gu2YWI2DpjGlm3ncQ==", "user"=>{"email"=>"me@me.com", "password"=>"[FILTERED]"}}
  [1m[35m (0.4ms)[0m  [1m[35mBEGIN[0m
  ↳ app/controllers/users_controller.rb:10
  [1m[36mUser Exists (3.0ms)[0m  [1m[34mSELECT  1 AS one FROM "users" WHERE "users"."email" = $1 LIMIT $2[0m  [["email", "me@me.com"], ["LIMIT", 1]]
  ↳ app/controllers/users_controller.rb:10
  [1m[36mUser Exists (1.2ms)[0m  [1m[34mSELECT  1 AS one FROM "users" WHERE "users"."session_token" = $1 LIMIT $2[0m  [["session_token", "qP3b7Zr-7V1WVpGhN3Tr6Q"], ["LIMIT", 1]]
  ↳ app/controllers/users_controller.rb:10
  [1m[35m (1.2ms)[0m  [1m[31mROLLBACK[0m
  ↳ app/controllers/users_controller.rb:10
  Rendering users/new.html.erb within layouts/application
  Rendered users/new.html.erb within layouts/application (0.8ms)
Completed 200 OK in 137ms (Views: 44.6ms | ActiveRecord: 5.8ms)


Started POST "/users" for 127.0.0.1 at 2019-01-31 16:46:46 -0800
Processing by UsersController#create as HTML
  Parameters: {"authenticity_token"=>"7dl9L9y9ikVFxWF45tqjxUXil1m7aW7mWtnFd5G2LE/OHXEN+na70EBpjqMJ/BhmCDLU/gu2YWI2DpjGlm3ncQ==", "user"=>{"email"=>"me@me.com", "password"=>"[FILTERED]"}}
  [1m[35m (2.4ms)[0m  [1m[35mBEGIN[0m
  ↳ app/controllers/users_controller.rb:10
  [1m[36mUser Exists (2.2ms)[0m  [1m[34mSELECT  1 AS one FROM "users" WHERE "users"."email" = $1 LIMIT $2[0m  [["email", "me@me.com"], ["LIMIT", 1]]
  ↳ app/controllers/users_controller.rb:10
Completed 200 OK in 430ms (Views: 326.4ms | ActiveRecord: 1.8ms)


  [1m[36mUser Exists (2.5ms)[0m  [1m[34mSELECT  1 AS one FROM "users" WHERE "users"."session_token" = $1 LIMIT $2[0m  [["session_token", "AY3vmCCp7a77BMAeY4sxnQ"], ["LIMIT", 1]]
  ↳ app/controllers/users_controller.rb:10
  [1m[35m (0.2ms)[0m  [1m[31mROLLBACK[0m
  ↳ app/controllers/users_controller.rb:10
  Rendering users/new.html.erb within layouts/application
  Rendered users/new.html.erb within layouts/application (0.7ms)
Completed 200 OK in 127ms (Views: 29.6ms | ActiveRecord: 7.3ms)


Started GET "/users" for 127.0.0.1 at 2019-01-31 16:48:33 -0800
  
ActionController::RoutingError (No route matches [GET] "/users"):
  
actionpack (5.2.2) lib/action_dispatch/middleware/debug_exceptions.rb:65:in `call'
web-console (3.7.0) lib/web_console/middleware.rb:135:in `call_app'
web-console (3.7.0) lib/web_console/middleware.rb:30:in `block in call'
web-console (3.7.0) lib/web_console/middleware.rb:20:in `catch'
web-console (3.7.0) lib/web_console/middleware.rb:20:in `call'
actionpack (5.2.2) lib/action_dispatch/middleware/show_exceptions.rb:33:in `call'
railties (5.2.2) lib/rails/rack/logger.rb:38:in `call_app'
railties (5.2.2) lib/rails/rack/logger.rb:26:in `block in call'
activesupport (5.2.2) lib/active_support/tagged_logging.rb:71:in `block in tagged'
activesupport (5.2.2) lib/active_support/tagged_logging.rb:28:in `tagged'
activesupport (5.2.2) lib/active_support/tagged_logging.rb:71:in `tagged'
railties (5.2.2) lib/rails/rack/logger.rb:26:in `call'
sprockets-rails (3.2.1) lib/sprockets/rails/quiet_assets.rb:13:in `call'
actionpack (5.2.2) lib/action_dispatch/middleware/remote_ip.rb:81:in `call'
actionpack (5.2.2) lib/action_dispatch/middleware/request_id.rb:27:in `call'
rack (2.0.6) lib/rack/method_override.rb:22:in `call'
rack (2.0.6) lib/rack/runtime.rb:22:in `call'
activesupport (5.2.2) lib/active_support/cache/strategy/local_cache_middleware.rb:29:in `call'
actionpack (5.2.2) lib/action_dispatch/middleware/executor.rb:14:in `call'
actionpack (5.2.2) lib/action_dispatch/middleware/static.rb:127:in `call'
rack (2.0.6) lib/rack/sendfile.rb:111:in `call'
railties (5.2.2) lib/rails/engine.rb:524:in `call'
puma (3.12.0) lib/puma/configuration.rb:225:in `call'
puma (3.12.0) lib/puma/server.rb:658:in `handle_request'
puma (3.12.0) lib/puma/server.rb:472:in `process_client'
puma (3.12.0) lib/puma/server.rb:332:in `block in run'
puma (3.12.0) lib/puma/thread_pool.rb:133:in `block in spawn_thread'
Started GET "/users/new" for 127.0.0.1 at 2019-01-31 16:48:38 -0800
Processing by UsersController#new as HTML
  Rendering users/new.html.erb within layouts/application
  Rendered users/new.html.erb within layouts/application (0.9ms)
Completed 200 OK in 52ms (Views: 51.2ms | ActiveRecord: 0.0ms)


Started POST "/users" for 127.0.0.1 at 2019-01-31 16:48:43 -0800
Processing by UsersController#create as HTML
  Parameters: {"authenticity_token"=>"xvPrDSeKvFrp87h/citCggyTxzCxULdfuYp4kIapeOzlN+cvAUGNz+xfV6SdDfkhQUOElwGPuNvVXSUhgXKz0g==", "user"=>{"email"=>"me@me.com", "password"=>"[FILTERED]"}}
  [1m[35m (0.2ms)[0m  [1m[35mBEGIN[0m
  ↳ app/controllers/users_controller.rb:10
  [1m[36mUser Exists (0.4ms)[0m  [1m[34mSELECT  1 AS one FROM "users" WHERE "users"."email" = $1 LIMIT $2[0m  [["email", "me@me.com"], ["LIMIT", 1]]
  ↳ app/controllers/users_controller.rb:10
  [1m[36mUser Exists (0.4ms)[0m  [1m[34mSELECT  1 AS one FROM "users" WHERE "users"."session_token" = $1 LIMIT $2[0m  [["session_token", "8IqBZB9xPTtz4Yt5cY0_8w"], ["LIMIT", 1]]
  ↳ app/controllers/users_controller.rb:10
  [1m[35m (0.2ms)[0m  [1m[31mROLLBACK[0m
  ↳ app/controllers/users_controller.rb:10
  Rendering users/new.html.erb within layouts/application
  Rendered users/new.html.erb within layouts/application (0.7ms)
Completed 200 OK in 108ms (Views: 24.4ms | ActiveRecord: 1.1ms)


Started POST "/users" for 127.0.0.1 at 2019-01-31 16:48:57 -0800
Processing by UsersController#create as HTML
  Parameters: {"authenticity_token"=>"ky3AVjfwX2MuNH/IeniHW9/q69Mt01Pg/XxL6yPLcd6w6cx0ETtu9iuYkBOVXjz4kjqodJ0MXGSRqxZaJBC64A==", "user"=>{"email"=>"me@me.com", "password"=>"[FILTERED]"}}
  [1m[35m (0.2ms)[0m  [1m[35mBEGIN[0m
  ↳ app/controllers/users_controller.rb:10
  [1m[36mUser Exists (0.4ms)[0m  [1m[34mSELECT  1 AS one FROM "users" WHERE "users"."email" = $1 LIMIT $2[0m  [["email", "me@me.com"], ["LIMIT", 1]]
  ↳ app/controllers/users_controller.rb:10
  [1m[36mUser Exists (0.3ms)[0m  [1m[34mSELECT  1 AS one FROM "users" WHERE "users"."session_token" = $1 LIMIT $2[0m  [["session_token", "X9EDXs7RhVAe2m9PexJ60w"], ["LIMIT", 1]]
  ↳ app/controllers/users_controller.rb:10
  [1m[36mUser Create (4.2ms)[0m  [1m[32mINSERT INTO "users" ("email", "session_token", "password_digest", "created_at", "updated_at") VALUES ($1, $2, $3, $4, $5) RETURNING "id"[0m  [["email", "me@me.com"], ["session_token", "X9EDXs7RhVAe2m9PexJ60w"], ["password_digest", "$2a$10$wiYxdvylLEXFmfGeXr3JeOUkLbiPfkNx8UerYShe2Cvc3uJQ.43GS"], ["created_at", "2019-02-01 00:48:57.810631"], ["updated_at", "2019-02-01 00:48:57.810631"]]
  ↳ app/controllers/users_controller.rb:10
  [1m[35m (0.6ms)[0m  [1m[35mCOMMIT[0m
  ↳ app/controllers/users_controller.rb:10
  [1m[35m (0.2ms)[0m  [1m[35mBEGIN[0m
  ↳ app/models/user.rb:35
  [1m[36mUser Exists (1.4ms)[0m  [1m[34mSELECT  1 AS one FROM "users" WHERE "users"."email" = $1 AND "users"."id" != $2 LIMIT $3[0m  [["email", "me@me.com"], ["id", 1], ["LIMIT", 1]]
  ↳ app/models/user.rb:35
  [1m[36mUser Exists (0.5ms)[0m  [1m[34mSELECT  1 AS one FROM "users" WHERE "users"."session_token" = $1 AND "users"."id" != $2 LIMIT $3[0m  [["session_token", "hnaszp3qs-onbXu54bBRTw"], ["id", 1], ["LIMIT", 1]]
  ↳ app/models/user.rb:35
  [1m[36mUser Update (2.8ms)[0m  [1m[33mUPDATE "users" SET "session_token" = $1, "updated_at" = $2 WHERE "users"."id" = $3[0m  [["session_token", "hnaszp3qs-onbXu54bBRTw"], ["updated_at", "2019-02-01 00:48:57.823574"], ["id", 1]]
  ↳ app/models/user.rb:35
  [1m[35m (0.5ms)[0m  [1m[35mCOMMIT[0m
  ↳ app/models/user.rb:35
Redirected to http://localhost:3000/users/1
Completed 302 Found in 102ms (ActiveRecord: 11.1ms)


Started GET "/users/1" for 127.0.0.1 at 2019-01-31 16:48:57 -0800
Processing by UsersController#show as HTML
  Parameters: {"id"=>"1"}
  Rendering users/show.html.erb within layouts/application
  Rendered users/show.html.erb within layouts/application (0.3ms)
Completed 200 OK in 27ms (Views: 26.3ms | ActiveRecord: 0.0ms)


Started GET "/users/1" for 127.0.0.1 at 2019-01-31 16:50:40 -0800
Processing by UsersController#show as HTML
  Parameters: {"id"=>"1"}
Completed 400 Bad Request in 5ms (ActiveRecord: 0.0ms)



ActionController::ParameterMissing - param is missing or the value is empty: user:
  app/controllers/users_controller.rb:27:in `user_params'
  app/controllers/users_controller.rb:20:in `show'

Started POST "/__better_errors/8789438e4673a150/variables" for 127.0.0.1 at 2019-01-31 16:50:40 -0800
Started GET "/users/new" for 127.0.0.1 at 2019-01-31 16:50:48 -0800
Processing by UsersController#new as HTML
  Rendering users/new.html.erb within layouts/application
  Rendered users/new.html.erb within layouts/application (0.8ms)
Completed 200 OK in 69ms (Views: 42.4ms | ActiveRecord: 15.6ms)


Started POST "/users" for 127.0.0.1 at 2019-01-31 16:50:57 -0800
Processing by UsersController#create as HTML
  Parameters: {"authenticity_token"=>"2ahHRT0ijpMCYe1PPfOT8AXNix2WxgPuQmYT/IMfWJP6bEtnG+m/BgfNApTS1ShTSB3IuiYZDGousU5NhMSTrQ==", "user"=>{"email"=>"me@me.com", "password"=>"[FILTERED]"}}
  [1m[35m (0.2ms)[0m  [1m[35mBEGIN[0m
  ↳ app/controllers/users_controller.rb:10
  [1m[36mUser Exists (0.4ms)[0m  [1m[34mSELECT  1 AS one FROM "users" WHERE "users"."email" = $1 LIMIT $2[0m  [["email", "me@me.com"], ["LIMIT", 1]]
  ↳ app/controllers/users_controller.rb:10
  [1m[36mUser Exists (0.6ms)[0m  [1m[34mSELECT  1 AS one FROM "users" WHERE "users"."session_token" = $1 LIMIT $2[0m  [["session_token", "COZvb0qs48b_O2KE8t3kxA"], ["LIMIT", 1]]
  ↳ app/controllers/users_controller.rb:10
  [1m[35m (0.2ms)[0m  [1m[31mROLLBACK[0m
  ↳ app/controllers/users_controller.rb:10
  Rendering users/new.html.erb within layouts/application
  Rendered users/new.html.erb within layouts/application (0.6ms)
Completed 200 OK in 116ms (Views: 22.9ms | ActiveRecord: 1.4ms)


Started GET "/session/new" for 127.0.0.1 at 2019-01-31 16:51:02 -0800
Processing by SessionsController#new as HTML
  Rendering sessions/new.html.erb within layouts/application
  Rendered sessions/new.html.erb within layouts/application (7.1ms)
Completed 500 Internal Server Error in 22ms (ActiveRecord: 0.0ms)



NoMethodError - undefined method `email' for nil:NilClass:
  app/views/sessions/new.html.erb:5:in `_app_views_sessions_new_html_erb___3498148806849990017_70259785443560'
  app/controllers/sessions_controller.rb:3:in `new'

Started POST "/__better_errors/c044a21680a931a0/variables" for 127.0.0.1 at 2019-01-31 16:51:02 -0800
Started GET "/session/new" for 127.0.0.1 at 2019-01-31 16:52:36 -0800
Processing by SessionsController#new as HTML
  Rendering sessions/new.html.erb within layouts/application
  Rendered sessions/new.html.erb within layouts/application (0.9ms)
Completed 200 OK in 62ms (Views: 42.1ms | ActiveRecord: 7.0ms)


Started POST "/session" for 127.0.0.1 at 2019-01-31 16:52:45 -0800
Processing by SessionsController#create as HTML
  Parameters: {"authenticity_token"=>"7eavngNKwc9FdJuXztgSiDcN3P3gcI74eJY1fUCy1EDOIqO8JYHwWkDYdEwh/qkret2fWlCvgXwUQWjMR2kffg==", "user"=>{"email"=>"me@me.com", "password"=>"[FILTERED]"}}
  [1m[36mUser Load (2.2ms)[0m  [1m[34mSELECT  "users".* FROM "users" WHERE "users"."email" = $1 LIMIT $2[0m  [["email", "me@me.com"], ["LIMIT", 1]]
  ↳ app/models/user.rb:20
  Rendering sessions/new.html.erb within layouts/application
  Rendered sessions/new.html.erb within layouts/application (6.4ms)
Completed 500 Internal Server Error in 99ms (ActiveRecord: 2.9ms)



NoMethodError - undefined method `email' for nil:NilClass:
  app/views/sessions/new.html.erb:5:in `_app_views_sessions_new_html_erb___3498148806849990017_70259760999260'
  app/controllers/sessions_controller.rb:15:in `create'

Started POST "/__better_errors/1af19e0e8148dd52/variables" for 127.0.0.1 at 2019-01-31 16:52:45 -0800
Started POST "/session" for 127.0.0.1 at 2019-01-31 16:53:08 -0800
  [1m[35m (1.1ms)[0m  [1m[34mSELECT "schema_migrations"."version" FROM "schema_migrations" ORDER BY "schema_migrations"."version" ASC[0m
  ↳ /Users/drewengelstein/.rbenv/versions/2.5.1/lib/ruby/gems/2.5.0/gems/activerecord-5.2.2/lib/active_record/log_subscriber.rb:98
Processing by SessionsController#create as HTML
  Parameters: {"authenticity_token"=>"7eavngNKwc9FdJuXztgSiDcN3P3gcI74eJY1fUCy1EDOIqO8JYHwWkDYdEwh/qkret2fWlCvgXwUQWjMR2kffg==", "user"=>{"email"=>"me@me.com", "password"=>"[FILTERED]"}}
  [1m[36mUser Load (0.8ms)[0m  [1m[34mSELECT  "users".* FROM "users" WHERE "users"."email" = $1 LIMIT $2[0m  [["email", "me@me.com"], ["LIMIT", 1]]
  ↳ app/models/user.rb:20
  Rendering sessions/new.html.erb within layouts/application
  Rendered sessions/new.html.erb within layouts/application (8.4ms)
Completed 500 Internal Server Error in 119ms (ActiveRecord: 8.9ms)



NoMethodError - undefined method `email' for nil:NilClass:
  app/views/sessions/new.html.erb:5:in `_app_views_sessions_new_html_erb__1560388662646104293_70207786799100'
  app/controllers/sessions_controller.rb:15:in `create'

Started POST "/__better_errors/b5dc8f9a2d8c73c1/variables" for 127.0.0.1 at 2019-01-31 16:53:09 -0800
Started GET "/session/new" for 127.0.0.1 at 2019-01-31 16:55:13 -0800
Processing by SessionsController#new as HTML
  Rendering sessions/new.html.erb within layouts/application
  Rendered sessions/new.html.erb within layouts/application (0.7ms)
Completed 200 OK in 305ms (Views: 287.0ms | ActiveRecord: 8.7ms)


Started POST "/session" for 127.0.0.1 at 2019-01-31 16:55:19 -0800
Processing by SessionsController#create as HTML
  Parameters: {"authenticity_token"=>"WhnPIZx3ay6WVn+FEyAdDHqNQnwL4U1nmxOxEE2UJkt53cMDurxau5P6kF78BqavN10B27s+QuP3xOyhSk/tdQ==", "user"=>{"email"=>"me@me.com", "password"=>"[FILTERED]"}}
  [1m[36mUser Load (1.8ms)[0m  [1m[34mSELECT  "users".* FROM "users" WHERE "users"."email" = $1 LIMIT $2[0m  [["email", "me@me.com"], ["LIMIT", 1]]
  ↳ app/models/user.rb:20
  Rendering sessions/new.html.erb within layouts/application
  Rendered sessions/new.html.erb within layouts/application (4.1ms)
Completed 500 Internal Server Error in 92ms (ActiveRecord: 1.8ms)



NoMethodError - undefined method `email' for nil:NilClass:
  app/views/sessions/new.html.erb:5:in `_app_views_sessions_new_html_erb__1560388662646104293_70207817906680'
  app/controllers/sessions_controller.rb:15:in `create'

Started POST "/__better_errors/b5dcd5fcd4b18787/variables" for 127.0.0.1 at 2019-01-31 16:55:19 -0800
Started GET "/session/new" for 127.0.0.1 at 2019-01-31 16:57:17 -0800
Processing by SessionsController#new as HTML
  Rendering sessions/new.html.erb within layouts/application
  Rendered sessions/new.html.erb within layouts/application (1.0ms)
Completed 200 OK in 44ms (Views: 43.2ms | ActiveRecord: 0.0ms)


Started POST "/session" for 127.0.0.1 at 2019-01-31 16:57:22 -0800
Processing by SessionsController#create as HTML
  Parameters: {"authenticity_token"=>"UOvoPJx4BdxfJELbXvaLA8okjXvP6POfIoYA5xtWiXVzL+QeurM0SVqIrQCx0DCgh/TO3H83/BtOUV1WHI1CSw==", "user"=>{"email"=>"me@me.com", "password"=>"[FILTERED]"}}
  [1m[36mUser Load (0.5ms)[0m  [1m[34mSELECT  "users".* FROM "users" WHERE "users"."email" = $1 LIMIT $2[0m  [["email", "me@me.com"], ["LIMIT", 1]]
  ↳ app/models/user.rb:20
  Rendering sessions/new.html.erb within layouts/application
  Rendered sessions/new.html.erb within layouts/application (4.0ms)
Completed 500 Internal Server Error in 87ms (ActiveRecord: 0.5ms)



NoMethodError - undefined method `email' for nil:NilClass:
  app/views/sessions/new.html.erb:5:in `_app_views_sessions_new_html_erb__1560388662646104293_70207790274820'
  app/controllers/sessions_controller.rb:15:in `create'

Started POST "/__better_errors/e5cd3c1a0040d97f/variables" for 127.0.0.1 at 2019-01-31 16:57:22 -0800
Started GET "/session/new" for 127.0.0.1 at 2019-01-31 16:59:10 -0800
Processing by SessionsController#new as HTML
  Rendering sessions/new.html.erb within layouts/application
  Rendered sessions/new.html.erb within layouts/application (0.9ms)
Completed 200 OK in 58ms (Views: 38.0ms | ActiveRecord: 8.1ms)


Started POST "/session" for 127.0.0.1 at 2019-01-31 16:59:15 -0800
Processing by SessionsController#create as HTML
  Parameters: {"authenticity_token"=>"MkM6g2leVS2EdVQWZoQ8CvrL/GeGeltr/NrEn5ZS6BARhzahT5VkuIHZu82Jooeptxu/wDalVO+QDZkukYkjLg==", "user"=>{"email"=>"me@me.com", "password"=>"[FILTERED]"}}
  [1m[36mUser Load (1.2ms)[0m  [1m[34mSELECT  "users".* FROM "users" WHERE "users"."email" = $1 LIMIT $2[0m  [["email", "me@me.com"], ["LIMIT", 1]]
  ↳ app/models/user.rb:20
  Rendering sessions/new.html.erb within layouts/application
  Rendered sessions/new.html.erb within layouts/application (0.6ms)
Completed 200 OK in 116ms (Views: 34.0ms | ActiveRecord: 1.2ms)


Started POST "/session" for 127.0.0.1 at 2019-01-31 16:59:21 -0800
Processing by SessionsController#create as HTML
  Parameters: {"authenticity_token"=>"7Uh0Bmw22W1TVW1YyOY6qTnC9KmNIYzoY0tQPwKHERTOjHgkSv3o+Fb5goMnwIEKdBK3Dj3+g2wPnA2OBVzaKg==", "user"=>{"email"=>"me@me.com", "password"=>"[FILTERED]"}}
  [1m[36mUser Load (0.6ms)[0m  [1m[34mSELECT  "users".* FROM "users" WHERE "users"."email" = $1 LIMIT $2[0m  [["email", "me@me.com"], ["LIMIT", 1]]
  ↳ app/models/user.rb:20
  [1m[35m (0.2ms)[0m  [1m[35mBEGIN[0m
  ↳ app/models/user.rb:35
  [1m[36mUser Exists (0.6ms)[0m  [1m[34mSELECT  1 AS one FROM "users" WHERE "users"."email" = $1 AND "users"."id" != $2 LIMIT $3[0m  [["email", "me@me.com"], ["id", 1], ["LIMIT", 1]]
  ↳ app/models/user.rb:35
  [1m[36mUser Exists (0.5ms)[0m  [1m[34mSELECT  1 AS one FROM "users" WHERE "users"."session_token" = $1 AND "users"."id" != $2 LIMIT $3[0m  [["session_token", "rD8BZD8A7aE9DblTYaf2_g"], ["id", 1], ["LIMIT", 1]]
  ↳ app/models/user.rb:35
  [1m[36mUser Update (0.6ms)[0m  [1m[33mUPDATE "users" SET "session_token" = $1, "updated_at" = $2 WHERE "users"."id" = $3[0m  [["session_token", "rD8BZD8A7aE9DblTYaf2_g"], ["updated_at", "2019-02-01 00:59:22.059486"], ["id", 1]]
  ↳ app/models/user.rb:35
  [1m[35m (0.8ms)[0m  [1m[35mCOMMIT[0m
  ↳ app/models/user.rb:35
Redirected to http://localhost:3000/users/1
Completed 302 Found in 87ms (ActiveRecord: 3.4ms)


Started GET "/users/1" for 127.0.0.1 at 2019-01-31 16:59:22 -0800
Processing by UsersController#show as HTML
  Parameters: {"id"=>"1"}
Completed 400 Bad Request in 2ms (ActiveRecord: 0.0ms)



ActionController::ParameterMissing - param is missing or the value is empty: user:
  app/controllers/users_controller.rb:27:in `user_params'
  app/controllers/users_controller.rb:20:in `show'

Started POST "/__better_errors/e5e4237908ffa3c3/variables" for 127.0.0.1 at 2019-01-31 16:59:22 -0800
Started GET "/session/new" for 127.0.0.1 at 2019-01-31 17:12:34 -0800
Processing by SessionsController#new as HTML
  Rendering sessions/new.html.erb within layouts/application
  Rendered sessions/new.html.erb within layouts/application (3.4ms)
Completed 200 OK in 55ms (Views: 51.2ms | ActiveRecord: 0.0ms)


Started POST "/session" for 127.0.0.1 at 2019-01-31 17:12:41 -0800
Processing by SessionsController#create as HTML
  Parameters: {"authenticity_token"=>"zWyWMbOBBFVujVZ+krV8nhE9XhKj4xy6k0UNvCI25fTuqJoTlUo1wGshuaV9k8c9XO0dtRM8Ez7/klANJe0uyg==", "user"=>{"email"=>"me@me.com", "password"=>"[FILTERED]"}}
  [1m[36mUser Load (5.2ms)[0m  [1m[34mSELECT  "users".* FROM "users" WHERE "users"."email" = $1 LIMIT $2[0m  [["email", "me@me.com"], ["LIMIT", 1]]
  ↳ app/models/user.rb:20
  [1m[35m (0.2ms)[0m  [1m[35mBEGIN[0m
  ↳ app/models/user.rb:35
  [1m[36mUser Exists (0.5ms)[0m  [1m[34mSELECT  1 AS one FROM "users" WHERE "users"."email" = $1 AND "users"."id" != $2 LIMIT $3[0m  [["email", "me@me.com"], ["id", 1], ["LIMIT", 1]]
  ↳ app/models/user.rb:35
  [1m[36mUser Exists (0.6ms)[0m  [1m[34mSELECT  1 AS one FROM "users" WHERE "users"."session_token" = $1 AND "users"."id" != $2 LIMIT $3[0m  [["session_token", "fmoipSPpafC1OG_n5j3bPA"], ["id", 1], ["LIMIT", 1]]
  ↳ app/models/user.rb:35
  [1m[36mUser Update (1.9ms)[0m  [1m[33mUPDATE "users" SET "session_token" = $1, "updated_at" = $2 WHERE "users"."id" = $3[0m  [["session_token", "fmoipSPpafC1OG_n5j3bPA"], ["updated_at", "2019-02-01 01:12:41.679776"], ["id", 1]]
  ↳ app/models/user.rb:35
  [1m[35m (0.5ms)[0m  [1m[35mCOMMIT[0m
  ↳ app/models/user.rb:35
Redirected to http://localhost:3000/users/1
Completed 302 Found in 107ms (ActiveRecord: 19.1ms)


Started GET "/users/1" for 127.0.0.1 at 2019-01-31 17:12:41 -0800
Processing by UsersController#show as HTML
  Parameters: {"id"=>"1"}
Completed 400 Bad Request in 2ms (ActiveRecord: 0.0ms)



ActionController::ParameterMissing - param is missing or the value is empty: user:
  app/controllers/users_controller.rb:27:in `user_params'
  app/controllers/users_controller.rb:20:in `show'

Started POST "/__better_errors/3a5cb68f8d7ec443/variables" for 127.0.0.1 at 2019-01-31 17:12:41 -0800
Started GET "/users/1" for 127.0.0.1 at 2019-01-31 17:16:29 -0800
Processing by UsersController#show as HTML
  Parameters: {"id"=>"1"}
  [1m[36mUser Load (6.0ms)[0m  [1m[34mSELECT  "users".* FROM "users" WHERE (1) LIMIT $1[0m  [["LIMIT", 1]]
  ↳ app/controllers/users_controller.rb:20
Completed 500 Internal Server Error in 11ms (ActiveRecord: 6.0ms)



PG::DatatypeMismatch - ERROR:  argument of WHERE must be type boolean, not type integer
LINE 1: SELECT  "users".* FROM "users" WHERE (1) LIMIT $1
                                              ^
:
  app/controllers/users_controller.rb:20:in `show'

Started POST "/__better_errors/ba47a8634f8298a0/variables" for 127.0.0.1 at 2019-01-31 17:16:29 -0800
Started GET "/session/new" for 127.0.0.1 at 2019-01-31 17:16:34 -0800
Processing by SessionsController#new as HTML
  Rendering sessions/new.html.erb within layouts/application
  Rendered sessions/new.html.erb within layouts/application (1.9ms)
Completed 200 OK in 85ms (Views: 50.7ms | ActiveRecord: 16.9ms)


Started POST "/session" for 127.0.0.1 at 2019-01-31 17:16:41 -0800
Processing by SessionsController#create as HTML
  Parameters: {"authenticity_token"=>"d2mLM+27VniKprpKz257iQdmYiwZEBw6bQFT60VxWYlUrYcRy3Bn7Y8KVZEgSMAqSrYhi6nPE74B1g5aQqqStw==", "user"=>{"email"=>"me@me.com", "password"=>"[FILTERED]"}}
  [1m[36mUser Load (0.8ms)[0m  [1m[34mSELECT  "users".* FROM "users" WHERE "users"."email" = $1 LIMIT $2[0m  [["email", "me@me.com"], ["LIMIT", 1]]
  ↳ app/models/user.rb:20
  [1m[35m (0.2ms)[0m  [1m[35mBEGIN[0m
  ↳ app/models/user.rb:35
  [1m[36mUser Exists (0.4ms)[0m  [1m[34mSELECT  1 AS one FROM "users" WHERE "users"."email" = $1 AND "users"."id" != $2 LIMIT $3[0m  [["email", "me@me.com"], ["id", 1], ["LIMIT", 1]]
  ↳ app/models/user.rb:35
  [1m[36mUser Exists (0.4ms)[0m  [1m[34mSELECT  1 AS one FROM "users" WHERE "users"."session_token" = $1 AND "users"."id" != $2 LIMIT $3[0m  [["session_token", "WPvHc9hONLwxhvf54DWAog"], ["id", 1], ["LIMIT", 1]]
  ↳ app/models/user.rb:35
  [1m[36mUser Update (0.4ms)[0m  [1m[33mUPDATE "users" SET "session_token" = $1, "updated_at" = $2 WHERE "users"."id" = $3[0m  [["session_token", "WPvHc9hONLwxhvf54DWAog"], ["updated_at", "2019-02-01 01:16:41.848711"], ["id", 1]]
  ↳ app/models/user.rb:35
  [1m[35m (0.8ms)[0m  [1m[35mCOMMIT[0m
  ↳ app/models/user.rb:35
Redirected to http://localhost:3000/users/1
Completed 302 Found in 90ms (ActiveRecord: 3.5ms)


Started GET "/users/1" for 127.0.0.1 at 2019-01-31 17:16:41 -0800
Processing by UsersController#show as HTML
  Parameters: {"id"=>"1"}
  [1m[36mUser Load (2.1ms)[0m  [1m[34mSELECT  "users".* FROM "users" WHERE (1) LIMIT $1[0m  [["LIMIT", 1]]
  ↳ app/controllers/users_controller.rb:20
Completed 500 Internal Server Error in 4ms (ActiveRecord: 2.1ms)



PG::DatatypeMismatch - ERROR:  argument of WHERE must be type boolean, not type integer
LINE 1: SELECT  "users".* FROM "users" WHERE (1) LIMIT $1
                                              ^
:
  app/controllers/users_controller.rb:20:in `show'

Started POST "/__better_errors/e6105a44a2050e2e/variables" for 127.0.0.1 at 2019-01-31 17:16:42 -0800
Started GET "/users/1" for 127.0.0.1 at 2019-01-31 17:17:01 -0800
Processing by UsersController#show as HTML
  Parameters: {"id"=>"1"}
  [1m[36mUser Load (0.3ms)[0m  [1m[34mSELECT  "users".* FROM "users" WHERE "users"."id" = $1 LIMIT $2[0m  [["id", 1], ["LIMIT", 1]]
  ↳ app/controllers/users_controller.rb:20
  Rendering users/show.html.erb within layouts/application
  Rendered users/show.html.erb within layouts/application (0.7ms)
Completed 200 OK in 57ms (Views: 38.2ms | ActiveRecord: 7.2ms)


Started GET "/session/new" for 127.0.0.1 at 2019-01-31 17:27:29 -0800
Processing by SessionsController#new as HTML
  Rendering sessions/new.html.erb within layouts/application
  Rendered sessions/new.html.erb within layouts/application (0.8ms)
  [1m[36mUser Load (1.0ms)[0m  [1m[34mSELECT  "users".* FROM "users" WHERE "users"."session_token" = $1 LIMIT $2[0m  [["session_token", "WPvHc9hONLwxhvf54DWAog"], ["LIMIT", 1]]
  ↳ app/controllers/application_controller.rb:5
Completed 200 OK in 50ms (Views: 43.0ms | ActiveRecord: 6.5ms)


Started DELETE "/session" for 127.0.0.1 at 2019-01-31 17:27:33 -0800
Processing by SessionsController#destroy as HTML
  Parameters: {"authenticity_token"=>"KEyoj+lLoRBLSMuN6VNQbAmYLUuzTErdNio5F9D9+AQLiKStz4CQhU7kJFYGdevPREhu7AOTRVla/WSm1yYzOg=="}
  [1m[36mUser Load (0.9ms)[0m  [1m[34mSELECT  "users".* FROM "users" WHERE "users"."session_token" IS NULL LIMIT $1[0m  [["LIMIT", 1]]
  ↳ app/controllers/application_controller.rb:5
Redirected to http://localhost:3000/session/new
Completed 302 Found in 4ms (ActiveRecord: 0.9ms)


Started GET "/session/new" for 127.0.0.1 at 2019-01-31 17:27:33 -0800
Processing by SessionsController#new as HTML
  Rendering sessions/new.html.erb within layouts/application
  Rendered sessions/new.html.erb within layouts/application (1.4ms)
  [1m[36mUser Load (0.4ms)[0m  [1m[34mSELECT  "users".* FROM "users" WHERE "users"."session_token" IS NULL LIMIT $1[0m  [["LIMIT", 1]]
  ↳ app/controllers/application_controller.rb:5
Completed 200 OK in 49ms (Views: 47.2ms | ActiveRecord: 0.4ms)


Started GET "/users/new" for 127.0.0.1 at 2019-01-31 17:27:36 -0800
Processing by UsersController#new as HTML
  Rendering users/new.html.erb within layouts/application
  Rendered users/new.html.erb within layouts/application (1.1ms)
  [1m[36mUser Load (0.5ms)[0m  [1m[34mSELECT  "users".* FROM "users" WHERE "users"."session_token" IS NULL LIMIT $1[0m  [["LIMIT", 1]]
  ↳ app/controllers/application_controller.rb:5
Completed 200 OK in 52ms (Views: 50.4ms | ActiveRecord: 0.5ms)


Started GET "/session/new" for 127.0.0.1 at 2019-01-31 17:27:37 -0800
Processing by SessionsController#new as HTML
  Rendering sessions/new.html.erb within layouts/application
  Rendered sessions/new.html.erb within layouts/application (0.9ms)
  [1m[36mUser Load (0.5ms)[0m  [1m[34mSELECT  "users".* FROM "users" WHERE "users"."session_token" IS NULL LIMIT $1[0m  [["LIMIT", 1]]
  ↳ app/controllers/application_controller.rb:5
Completed 200 OK in 57ms (Views: 55.7ms | ActiveRecord: 0.5ms)


Started GET "/users/new" for 127.0.0.1 at 2019-01-31 17:27:38 -0800
Processing by UsersController#new as HTML
  Rendering users/new.html.erb within layouts/application
  Rendered users/new.html.erb within layouts/application (1.2ms)
  [1m[36mUser Load (0.4ms)[0m  [1m[34mSELECT  "users".* FROM "users" WHERE "users"."session_token" IS NULL LIMIT $1[0m  [["LIMIT", 1]]
  ↳ app/controllers/application_controller.rb:5
Completed 200 OK in 52ms (Views: 49.6ms | ActiveRecord: 0.4ms)


Started GET "/session/new" for 127.0.0.1 at 2019-01-31 17:27:39 -0800
Processing by SessionsController#new as HTML
  Rendering sessions/new.html.erb within layouts/application
  Rendered sessions/new.html.erb within layouts/application (2.1ms)
  [1m[36mUser Load (0.5ms)[0m  [1m[34mSELECT  "users".* FROM "users" WHERE "users"."session_token" IS NULL LIMIT $1[0m  [["LIMIT", 1]]
  ↳ app/controllers/application_controller.rb:5
Completed 200 OK in 73ms (Views: 71.3ms | ActiveRecord: 0.5ms)


Started GET "/users/new" for 127.0.0.1 at 2019-01-31 17:28:32 -0800
Processing by UsersController#new as HTML
Completed 500 Internal Server Error in 134ms (ActiveRecord: 0.0ms)



NoMethodError - undefined method `require_login' for #<UsersController:0x00007fb511587460>
Did you mean?  require:

Started POST "/__better_errors/ead06140fe8b7ad9/variables" for 127.0.0.1 at 2019-01-31 17:28:32 -0800
Started GET "/session/new" for 127.0.0.1 at 2019-01-31 17:28:35 -0800
Processing by SessionsController#new as HTML
  Rendering sessions/new.html.erb within layouts/application
  Rendered sessions/new.html.erb within layouts/application (1.1ms)
  [1m[36mUser Load (0.6ms)[0m  [1m[34mSELECT  "users".* FROM "users" WHERE "users"."session_token" IS NULL LIMIT $1[0m  [["LIMIT", 1]]
  ↳ app/controllers/application_controller.rb:5
Completed 200 OK in 90ms (Views: 55.1ms | ActiveRecord: 15.0ms)


Started GET "/session/new" for 127.0.0.1 at 2019-01-31 17:28:36 -0800
Processing by SessionsController#new as HTML
  Rendering sessions/new.html.erb within layouts/application
  Rendered sessions/new.html.erb within layouts/application (1.2ms)
  [1m[36mUser Load (0.5ms)[0m  [1m[34mSELECT  "users".* FROM "users" WHERE "users"."session_token" IS NULL LIMIT $1[0m  [["LIMIT", 1]]
  ↳ app/controllers/application_controller.rb:5
Completed 200 OK in 47ms (Views: 45.3ms | ActiveRecord: 0.5ms)


Started GET "/session/new" for 127.0.0.1 at 2019-01-31 17:28:37 -0800
Processing by SessionsController#new as HTML
  Rendering sessions/new.html.erb within layouts/application
  Rendered sessions/new.html.erb within layouts/application (1.1ms)
  [1m[36mUser Load (0.5ms)[0m  [1m[34mSELECT  "users".* FROM "users" WHERE "users"."session_token" IS NULL LIMIT $1[0m  [["LIMIT", 1]]
  ↳ app/controllers/application_controller.rb:5
Completed 200 OK in 50ms (Views: 48.6ms | ActiveRecord: 0.5ms)


Started GET "/session/new" for 127.0.0.1 at 2019-01-31 17:28:37 -0800
Processing by SessionsController#new as HTML
  Rendering sessions/new.html.erb within layouts/application
  Rendered sessions/new.html.erb within layouts/application (0.9ms)
  [1m[36mUser Load (0.4ms)[0m  [1m[34mSELECT  "users".* FROM "users" WHERE "users"."session_token" IS NULL LIMIT $1[0m  [["LIMIT", 1]]
  ↳ app/controllers/application_controller.rb:5
Completed 200 OK in 42ms (Views: 39.9ms | ActiveRecord: 0.4ms)


Started GET "/users/new" for 127.0.0.1 at 2019-01-31 17:28:38 -0800
Processing by UsersController#new as HTML
Completed 500 Internal Server Error in 123ms (ActiveRecord: 0.0ms)



NoMethodError - undefined method `require_login' for #<UsersController:0x00007fb50cde1ed0>
Did you mean?  require:

Started POST "/__better_errors/b8cb1dfee674aee4/variables" for 127.0.0.1 at 2019-01-31 17:28:38 -0800
Started GET "/session/new" for 127.0.0.1 at 2019-01-31 17:28:41 -0800
Processing by SessionsController#new as HTML
  Rendering sessions/new.html.erb within layouts/application
  Rendered sessions/new.html.erb within layouts/application (0.7ms)
  [1m[36mUser Load (0.6ms)[0m  [1m[34mSELECT  "users".* FROM "users" WHERE "users"."session_token" IS NULL LIMIT $1[0m  [["LIMIT", 1]]
  ↳ app/controllers/application_controller.rb:5
Completed 200 OK in 44ms (Views: 42.0ms | ActiveRecord: 0.6ms)


Started GET "/session/new" for 127.0.0.1 at 2019-01-31 17:29:07 -0800
Processing by SessionsController#new as HTML
  Rendering sessions/new.html.erb within layouts/application
  Rendered sessions/new.html.erb within layouts/application (0.6ms)
  [1m[36mUser Load (0.4ms)[0m  [1m[34mSELECT  "users".* FROM "users" WHERE "users"."session_token" IS NULL LIMIT $1[0m  [["LIMIT", 1]]
  ↳ app/controllers/application_controller.rb:5
Completed 200 OK in 40ms (Views: 24.7ms | ActiveRecord: 7.2ms)


Started POST "/session" for 127.0.0.1 at 2019-01-31 17:29:11 -0800
Processing by SessionsController#create as HTML
  Parameters: {"authenticity_token"=>"MJetPw4E4B2MssOc2lb7ego4btu/h+qSHV2eOwIrvo4TU6EdKM/RiIkeLEc1cEDZR+gtfA9Y5RZxisOKBfB1sA==", "user"=>{"email"=>"me@me.com", "password"=>"[FILTERED]"}}
  [1m[36mUser Load (1.5ms)[0m  [1m[34mSELECT  "users".* FROM "users" WHERE "users"."email" = $1 LIMIT $2[0m  [["email", "me@me.com"], ["LIMIT", 1]]
  ↳ app/models/user.rb:20
  [1m[35m (0.3ms)[0m  [1m[35mBEGIN[0m
  ↳ app/models/user.rb:35
  [1m[36mUser Exists (0.8ms)[0m  [1m[34mSELECT  1 AS one FROM "users" WHERE "users"."email" = $1 AND "users"."id" != $2 LIMIT $3[0m  [["email", "me@me.com"], ["id", 1], ["LIMIT", 1]]
  ↳ app/models/user.rb:35
  [1m[36mUser Exists (0.5ms)[0m  [1m[34mSELECT  1 AS one FROM "users" WHERE "users"."session_token" = $1 AND "users"."id" != $2 LIMIT $3[0m  [["session_token", "v0lsDaxK6P2p3RraRJZU4Q"], ["id", 1], ["LIMIT", 1]]
  ↳ app/models/user.rb:35
  [1m[36mUser Update (0.9ms)[0m  [1m[33mUPDATE "users" SET "session_token" = $1, "updated_at" = $2 WHERE "users"."id" = $3[0m  [["session_token", "v0lsDaxK6P2p3RraRJZU4Q"], ["updated_at", "2019-02-01 01:29:11.434491"], ["id", 1]]
  ↳ app/models/user.rb:35
  [1m[35m (1.0ms)[0m  [1m[35mCOMMIT[0m
  ↳ app/models/user.rb:35
Redirected to http://localhost:3000/users/1
Completed 302 Found in 89ms (ActiveRecord: 4.9ms)


Started GET "/users/1" for 127.0.0.1 at 2019-01-31 17:29:11 -0800
Processing by UsersController#show as HTML
  Parameters: {"id"=>"1"}
  [1m[36mUser Load (0.6ms)[0m  [1m[34mSELECT  "users".* FROM "users" WHERE "users"."id" = $1 LIMIT $2[0m  [["id", 1], ["LIMIT", 1]]
  ↳ app/controllers/users_controller.rb:22
  Rendering users/show.html.erb within layouts/application
  Rendered users/show.html.erb within layouts/application (0.4ms)
  [1m[36mUser Load (0.4ms)[0m  [1m[34mSELECT  "users".* FROM "users" WHERE "users"."session_token" = $1 LIMIT $2[0m  [["session_token", "v0lsDaxK6P2p3RraRJZU4Q"], ["LIMIT", 1]]
  ↳ app/controllers/application_controller.rb:5
Completed 200 OK in 29ms (Views: 26.4ms | ActiveRecord: 0.9ms)


Started GET "/session/new" for 127.0.0.1 at 2019-01-31 17:29:16 -0800
Processing by SessionsController#new as HTML
  Rendering sessions/new.html.erb within layouts/application
  Rendered sessions/new.html.erb within layouts/application (0.8ms)
  [1m[36mUser Load (0.4ms)[0m  [1m[34mSELECT  "users".* FROM "users" WHERE "users"."session_token" = $1 LIMIT $2[0m  [["session_token", "v0lsDaxK6P2p3RraRJZU4Q"], ["LIMIT", 1]]
  ↳ app/controllers/application_controller.rb:5
Completed 200 OK in 51ms (Views: 49.6ms | ActiveRecord: 0.4ms)


